This is pdfTeX, Version 3.141592653-2.6-1.40.27 (MiKTeX 25.4) (preloaded format=pdflatex 2025.11.10)  10 NOV 2025 14:50
entering extended mode
 restricted \write18 enabled.
 file:line:error style messages enabled.
 %&-line parsing enabled.
**c:/Users/sm86563/RP/racunalniski-praktikum/06-uvod-v-latex/urnik.tex
(c:/Users/sm86563/RP/racunalniski-praktikum/06-uvod-v-latex/urnik.tex
LaTeX2e <2025-06-01> patch level 1
L3 programming layer <2025-07-20>
(C:\Program Files\MiKTeX\tex/latex/base\article.cls
Document Class: article 2025/01/22 v1.4n Standard LaTeX document class
(C:\Program Files\MiKTeX\tex/latex/base\size10.clo
File: size10.clo 2025/01/22 v1.4n Standard LaTeX file (size option)
)
\c@part=\count275
\c@section=\count276
\c@subsection=\count277
\c@subsubsection=\count278
\c@paragraph=\count279
\c@subparagraph=\count280
\c@figure=\count281
\c@table=\count282
\abovecaptionskip=\skip49
\belowcaptionskip=\skip50
\bibindent=\dimen148
) (C:\Program Files\MiKTeX\tex/latex/l3backend\l3backend-pdftex.def
File: l3backend-pdftex.def 2025-06-09 L3 backend support: PDF output (pdfTeX)
\l__color_backend_stack_int=\count283
) (urnik.aux)
\openout1 = `urnik.aux'.

LaTeX Font Info:    Checking defaults for OML/cmm/m/it on input line 8.
LaTeX Font Info:    ... okay on input line 8.
LaTeX Font Info:    Checking defaults for OMS/cmsy/m/n on input line 8.
LaTeX Font Info:    ... okay on input line 8.
LaTeX Font Info:    Checking defaults for OT1/cmr/m/n on input line 8.
LaTeX Font Info:    ... okay on input line 8.
LaTeX Font Info:    Checking defaults for T1/cmr/m/n on input line 8.
LaTeX Font Info:    ... okay on input line 8.
LaTeX Font Info:    Checking defaults for TS1/cmr/m/n on input line 8.
LaTeX Font Info:    ... okay on input line 8.
LaTeX Font Info:    Checking defaults for OMX/cmex/m/n on input line 8.
LaTeX Font Info:    ... okay on input line 8.
LaTeX Font Info:    Checking defaults for U/cmr/m/n on input line 8.
LaTeX Font Info:    ... okay on input line 8.

Overfull \hbox (20.08408pt too wide) in paragraph at lines 72--81
\OT1/cmr/m/n/10 meta>matematika</imePredmeta> <steviloUr-NaT-e-den>3</steviloUrNaTeden> </pred-
 []


Overfull \hbox (5.55629pt too wide) in paragraph at lines 89--92
[]\OT1/cmr/m/n/10 Pri ob-jek-tno ori-en-ti-ranih pro-gram-skih jezikih (Del-phi, C++, Java) vse vhodne
 []



[1

{C:/Users/sm86563/AppData/Local/MiKTeX/fonts/map/pdftex/pdftex.map}]

[2]
Overfull \hbox (0.49135pt too wide) in paragraph at lines 174--179
\OT1/cmr/m/n/10 sploh ne more priti. Tabela zasedenosti je dober primer pametne im-ple-mentacije,
 []


Overfull \hbox (0.55626pt too wide) in paragraph at lines 203--207
\OT1/cmr/m/n/10 verja ve-liko ^^Tstevilo ^^Tsibkih ome-jitev, zato sno-valci pro-gramov prav temu posve^^Tcajo
 []



[3]

[4]

[5]
Overfull \hbox (1.13962pt too wide) in paragraph at lines 363--366
\OT1/cmr/m/n/10 eraci-jami iz okolic sis-tema oprav-imo na nekem ko-raku op-ti-mizaci-jskega postopka.
 []



[6]

[7]

[8] (urnik.aux)
 ***********
LaTeX2e <2025-06-01> patch level 1
L3 programming layer <2025-07-20>
 ***********
 ) 
Here is how much of TeX's memory you used:
 428 strings out of 468134
 8174 string characters out of 5440800
 438301 words of memory out of 5000000
 29124 multiletter control sequences out of 15000+600000
 626825 words of font info for 40 fonts, out of 8000000 for 9000
 1141 hyphenation exceptions out of 8191
 35i,6n,38p,209b,116s stack positions out of 10000i,1000n,20000p,200000b,200000s
<C:/Program Files/MiKTeX/fonts/type1/public/amsfonts/cm/cmr10.pfb>
Output written on urnik.pdf (8 pages, 48659 bytes).
PDF statistics:
 34 PDF objects out of 1000 (max. 8388607)
 0 named destinations out of 1000 (max. 500000)
 1 words of extra memory for PDF output out of 10000 (max. 10000000)

